2023-11-29T15:19:57+00:00 CRITICAL Uncaught Error: Class "ZipArchive" not found in C:\xampp\htdocs\test\wp-content\plugins\ocean-extra\includes\themepanel\theme-panel.php:350
Stack trace:
#0 C:\xampp\htdocs\test\wp-includes\class-wp-hook.php(324): Ocean_Extra_New_Theme_Panel->child_theme_install('')
#1 C:\xampp\htdocs\test\wp-includes\class-wp-hook.php(348): WP_Hook->apply_filters('', Array)
#2 C:\xampp\htdocs\test\wp-includes\plugin.php(517): WP_Hook->do_action(Array)
#3 C:\xampp\htdocs\test\wp-admin\admin-ajax.php(188): do_action('wp_ajax_oceanwp...')
#4 {main}
  thrown in C:\xampp\htdocs\test\wp-content\plugins\ocean-extra\includes\themepanel\theme-panel.php on line 350

2023-11-29T15:32:52+00:00 CRITICAL Uncaught ArgumentCountError: 3 arguments are required, 2 given in C:\xampp\htdocs\test\wp-admin\includes\class-bulk-upgrader-skin.php:162
Stack trace:
#0 C:\xampp\htdocs\test\wp-admin\includes\class-bulk-upgrader-skin.php(162): sprintf('%1$s installed ...', 'Quick View')
#1 C:\xampp\htdocs\test\wp-content\themes\best-shop\inc\tgmpa\class-tgm-plugin-activation.php(3553): Bulk_Upgrader_Skin->after('Quick View')
#2 C:\xampp\htdocs\test\wp-admin\includes\class-wp-upgrader.php(921): TGMPA_Bulk_Installer_Skin->after()
#3 C:\xampp\htdocs\test\wp-content\themes\best-shop\inc\tgmpa\class-tgm-plugin-activation.php(3173): WP_Upgrader->run(Array)
#4 C:\xampp\htdocs\test\wp-content\themes\best-shop\inc\tgmpa\class-tgm-plugin-activation.php(3278): TGMPA_Bulk_Installer->run(Array)
#5 C:\xampp\htdocs\test\wp-content\themes\best-shop\inc\tgmpa\class-tgm-plugin-activation.php(2892): TGMPA_Bulk_Installer->bulk_install(Array)
#6 C:\xampp\htdocs\test\wp-content\themes\best-shop\inc\tgmpa\class-tgm-plugin-activation.php(658): TGMPA_List_Table->process_bulk_actions()
#7 C:\xampp\htdocs\test\wp-includes\class-wp-hook.php(324): TGM_Plugin_Activation->install_plugins_page('')
#8 C:\xampp\htdocs\test\wp-includes\class-wp-hook.php(348): WP_Hook->apply_filters('', Array)
#9 C:\xampp\htdocs\test\wp-includes\plugin.php(517): WP_Hook->do_action(Array)
#10 C:\xampp\htdocs\test\wp-admin\admin.php(259): do_action('appearance_page...')
#11 C:\xampp\htdocs\test\wp-admin\themes.php(10): require_once('C:\\xampp\\htdocs...')
#12 {main}
  thrown in C:\xampp\htdocs\test\wp-admin\includes\class-bulk-upgrader-skin.php on line 162

2023-11-29T15:33:00+00:00 CRITICAL Uncaught ArgumentCountError: 3 arguments are required, 2 given in C:\xampp\htdocs\test\wp-admin\includes\class-bulk-upgrader-skin.php:162
Stack trace:
#0 C:\xampp\htdocs\test\wp-admin\includes\class-bulk-upgrader-skin.php(162): sprintf('%1$s installed ...', 'Wishlist')
#1 C:\xampp\htdocs\test\wp-content\themes\best-shop\inc\tgmpa\class-tgm-plugin-activation.php(3553): Bulk_Upgrader_Skin->after('Wishlist')
#2 C:\xampp\htdocs\test\wp-admin\includes\class-wp-upgrader.php(921): TGMPA_Bulk_Installer_Skin->after()
#3 C:\xampp\htdocs\test\wp-content\themes\best-shop\inc\tgmpa\class-tgm-plugin-activation.php(3173): WP_Upgrader->run(Array)
#4 C:\xampp\htdocs\test\wp-content\themes\best-shop\inc\tgmpa\class-tgm-plugin-activation.php(3278): TGMPA_Bulk_Installer->run(Array)
#5 C:\xampp\htdocs\test\wp-content\themes\best-shop\inc\tgmpa\class-tgm-plugin-activation.php(2892): TGMPA_Bulk_Installer->bulk_install(Array)
#6 C:\xampp\htdocs\test\wp-content\themes\best-shop\inc\tgmpa\class-tgm-plugin-activation.php(658): TGMPA_List_Table->process_bulk_actions()
#7 C:\xampp\htdocs\test\wp-includes\class-wp-hook.php(324): TGM_Plugin_Activation->install_plugins_page('')
#8 C:\xampp\htdocs\test\wp-includes\class-wp-hook.php(348): WP_Hook->apply_filters('', Array)
#9 C:\xampp\htdocs\test\wp-includes\plugin.php(517): WP_Hook->do_action(Array)
#10 C:\xampp\htdocs\test\wp-admin\admin.php(259): do_action('appearance_page...')
#11 C:\xampp\htdocs\test\wp-admin\themes.php(10): require_once('C:\\xampp\\htdocs...')
#12 {main}
  thrown in C:\xampp\htdocs\test\wp-admin\includes\class-bulk-upgrader-skin.php on line 162

2023-11-29T15:49:38+00:00 CRITICAL Uncaught ArgumentCountError: 3 arguments are required, 2 given in C:\xampp\htdocs\test\wp-admin\includes\class-bulk-upgrader-skin.php:162
Stack trace:
#0 C:\xampp\htdocs\test\wp-admin\includes\class-bulk-upgrader-skin.php(162): sprintf('%1$s installed ...', 'Superb Addons -...')
#1 C:\xampp\htdocs\test\wp-content\themes\draftly\inc\class-tgm-plugin-activation.php(3553): Bulk_Upgrader_Skin->after('Superb Addons -...')
#2 C:\xampp\htdocs\test\wp-admin\includes\class-wp-upgrader.php(921): TGMPA_Bulk_Installer_Skin->after()
#3 C:\xampp\htdocs\test\wp-content\themes\draftly\inc\class-tgm-plugin-activation.php(3173): WP_Upgrader->run(Array)
#4 C:\xampp\htdocs\test\wp-content\themes\draftly\inc\class-tgm-plugin-activation.php(3278): TGMPA_Bulk_Installer->run(Array)
#5 C:\xampp\htdocs\test\wp-content\themes\draftly\inc\class-tgm-plugin-activation.php(2892): TGMPA_Bulk_Installer->bulk_install(Array)
#6 C:\xampp\htdocs\test\wp-content\themes\draftly\inc\class-tgm-plugin-activation.php(658): TGMPA_List_Table->process_bulk_actions()
#7 C:\xampp\htdocs\test\wp-includes\class-wp-hook.php(324): TGM_Plugin_Activation->install_plugins_page('')
#8 C:\xampp\htdocs\test\wp-includes\class-wp-hook.php(348): WP_Hook->apply_filters('', Array)
#9 C:\xampp\htdocs\test\wp-includes\plugin.php(517): WP_Hook->do_action(Array)
#10 C:\xampp\htdocs\test\wp-admin\admin.php(259): do_action('appearance_page...')
#11 C:\xampp\htdocs\test\wp-admin\themes.php(10): require_once('C:\\xampp\\htdocs...')
#12 {main}
  thrown in C:\xampp\htdocs\test\wp-admin\includes\class-bulk-upgrader-skin.php on line 162

